
ROM used:   1288/2048 (63%)
            1288/2048 (63%) including unused fragments

            1.3 Average locations per line
            4.2 Average locations per statement

RAM used:   32/224 (14%) at main() level
            39/224 (17%) worst case

Stack used: 4 worst case (3 in main + 1 for interrupts)
Stack size: 8

Lines Stmts  %   Files
----- ----- ---  -----
  339   265  86  main.c
   22     0   0  main.h
  518     0   0  C:\Program Files (x86)\PICC\devices\16F628A.h
   91    43  14  ds1307.c
   34     0   0  ds1307.h
----- -----
 1004   308 Total

Page ROM  %  RAM   Vol Diff  Functions:
---- --- --- ---   --- ----  ----------
0     20   2    1             @delay_ms1
 Inline         3             @I2C_READ_1
0     70   5    1             @I2C_WRITE_1
0     53   4    3    69  3.1  bcd2dec
 Inline         2             @MUL88
0     18   1    2    74  3.1  dec2bcd
0     21   2    3             @DIV88
0     15   1    0    86  2.0  clk_init
0      9   1    0             @MEMSET
0      3   0    0    47  1.8  clk_start
0      5   0    0    48  2.3  clk_is_started
0     17   1    2   214  2.9  clk_set_time
0    206  16    4   474  5.7  clk_read
0     65   5    2   185  3.0  clk_write
0     39   3    1   358  3.2  convert
0     17   1    0             @goto10620
0     54   4    4   485  6.2  serialize_data
0     52   4    1   320  3.3  update_display
0    150  12    0  1881  9.3  timer0_isr
0    427  33    3  6050 11.9  MAIN
 Inline         0             @cinit1

Program metrics:
    Functions               13
    Statements              308
    Comments                112
    Volume (V)              13983
    Difficulty (D)          60.9
    Effort to implement (E) 851334
    Time to implement (T)   13 hours, 8 minutes
    Est Delivered Bugs (B)  3
    Cyclomatic Complexity   57
    Maintainability (MI)    33

 Segment     Used  Free
-----------  ----  ----
00000-00003     4  0  
00004-0002E    43  0  
0002F-007FF  1241  760  



