
ROM used: 843 (41%)
          843 (41%) including unused fragments

          2 Average locations per line
          5 Average locations per statement

RAM used: 58 (26%) at main() level
          63 (28%) worst case

Stack used: 3 worst case (out of 8 total available)

Lines Stmts  %   Files
----- ----- ---  -----
  242   163 100  afficheurs.c
   77     0   0  afficheurs.h
  206     0   0  ..\..\..\Program Files\PICC\devices\16F628A.h
----- -----
  525   163 Total

Page ROM  %  RAM   Vol Diff  Functions:
---- --- --- ---   --- ----  ----------
0    312  37   1  2188  3.9  convertToSeg
0     82  10   3   852  4.8  rda_isr
0    166  20   4  1404  7.9  timer0_isr
0     63   7   0   516  4.3  timer1_isr
0    157  19   0   893  3.4  MAIN

Program metrics:
    Functions               5
    Statements              163
    Comments                67
    Volume (V)              7848
    Difficilty (D)          24.4
    Effort to implement (E) 191425
    Time to implement (T)   2 hours, 57 minutes
    Est Delivered Bugs (B)  1
    Cyclomatic Complexity   90
    Maintainability (MI)    43

 Segment     Used  Free
-----------  ----  ----
00000-00003     4  0  
00004-0003E    59  0  
0003F-007FF   780  1205  



