
ROM used: 9760 (30%)
          9760 (30%) including unused fragments

          5 Average locations per line
          14 Average locations per statement

RAM used: 281 (14%) at main() level
          323 (16%) worst case

Stack used: 13 worst case (out of 31 total available)

Lines Stmts  %   Files
----- ----- ---  -----
  176   122  17  principale.c
   60     0   0  principale.h
  461     0   0  ..\..\..\Program Files\PICC\devices\18F4550.h
   25    11   2  infrared.c
   10     0   0  infrared.h
  139    88  12  ds1307.c
   47     0   0  ds1307.h
   10     0   0  date.h
    9     0   0  utility.h
   49    24   3  24lc512.c
   12     0   0  24lc512.h
   17     0   0  lcddisplay.h
   77    55   8  aff7seg.c
   21     0   0  aff7seg.h
   33     0   0  prieres.h
   18    10   1  ledarray.c
   10     0   0  ledarray.h
   31    15   2  prieres.c
   35    30   4  date.c
   10     2   0  utility.c
  104    70  10  lcddisplay.c
   31    15   2  mp3.c
   11     0   0  mp3.h
  300   265  37  keys.c
   79     0   0  keys.h
----- -----
 1775   707 Total

Page ROM  %  RAM   Vol Diff  Functions:
---- --- --- ---   --- ----  ----------
0     42   0   1             @delay_ms1
0     38   0   1             @delay_us1
0    106   1   3             @I2C_READ_1
0    118   1   1             @I2C_WRITE_1
0     82   0   1             @PUTCHAR_2_
0     82   0   1             @PUTCHAR_3_
0     82   0   1             @PUTCHAR_4_
0     82   0   1             @PUTCHAR_5_
0     94   0   1             @GETCH_6_
0     68   0   1             @PUTCHAR_7_
0     72   0   1             @GETCH_7_
0     60   0   1   513  4.3  clk_event
0     44   0   0    86  2.0  clk_init
0     30   0   0             @MEMSET
0      8   0   0    47  1.8  clk_start
0     12   0   0    48  2.3  clk_is_started
0     18   0   2   123  2.8  clk_set_time
0    128   1   6   255  3.0  clk_set_date
0    220   1   4   335  5.6  clk_read
0    174   1   2   179  3.6  clk_write
0    206   1   3   979  4.9  clk_days
0    140   1   1    86  1.3  clk_set_ville
0    214   1   1   163  1.9  clk_get_ville
0    270   1  11   479  7.9  mem_read_page
0     32   0   0    78  1.6  aff7_off
0     52   0   1   226  3.2  aff7_select
0    120   1   4   458  5.0  aff7_show_time
0    296   2   4   510  3.3  aff7_show_prayers
0    242   1   4   966  5.0  aff7_show_date
0    114   1   3   459  5.1  aff7_show_time
0     28   0   2   117  3.2  ldarr_show
0     24   0   1   104  2.7  ldarr_off
0    196   1   7   267  4.5  prieres_load
0     34   0   5             @MUL1616
0     70   0   5             @DIV1616
0    218   1   6   604  7.3  location_load
0     22   0   2    48  2.1  date_isleap
0    258   1   6   884  6.0  date_nbj
0     60   0   4    46  1.9  date_jds
0     30   0   2    69  3.1  bcd2dec
0     52   0   2    75  2.8  dec2bcd
0     44   0   3             @DIV88
0     68   0   5   220  4.8  lcd_show
0     74   0   1   130  1.8  lcd_clear
0     82   0   2   174  2.7  lcd_light
0    138   1   3   305  2.4  lcd_gotoxy
0     28   0   0    80  2.0  play_mp3
0     40   0   0    80  2.0  stop_mp3
0    122   1   6   307  1.0  state_mp3
0   1582   8   6  5091  7.9  show_menu
0     46   0   0             @const254
0     26   0   0             @const255
0     32   0   1             @SPRINTF
0     40   0   3             @PSTRINGCN_257
0    222   1   6             @PRINTF_D_257
0     32   0   0             @const265
0     16   0   0             @const267
0     32   0   2             @PSTRINGC_257
0     18   0   0             @const269
0     18   0   0             @const270
0     18   0   0             @const271
0     18   0   0             @const272
0     18   0   0             @const273
0     18   0   0             @const274
0     14   0   0             @const275
0      6   0   0             @const276
0      6   0   0             @const277
0     18   0   0             @const278
0     38   0   2             @PSTRINGR_257
0    170   1   1   907  4.3  init_bounds
0    896   5   5  4276  9.5  handle_key
0     86   0   2   266  6.0  show_day
0    130   1   2   982  5.4  clk_changed
0     38   0   1   106  2.9  timer0_isr
0    118   1   0   193  2.3  update_display
0    852   4   6  3020  8.4  MAIN
0    248   1   9             @PRINTF_LD_257

Program metrics:
    Functions               42
    Statements              707
    Comments                150
    Volume (V)              41300
    Difficilty (D)          162.4
    Effort to implement (E) 6707584
    Time to implement (T)   103 hours, 31 minutes
    Est Delivered Bugs (B)  12
    Cyclomatic Complexity   139
    Maintainability (MI)    99

 Segment     Used  Free
-----------  ----  ----
00000-00002     4  0  
00004-00006     0  4  
00008-000AC   166  0  
000AE-07FFE  9590  23004  



