
ROM used: 432 (21%)
          432 (21%) including unused fragments

          1 Average locations per line
          5 Average locations per statement

RAM used: 25 (11%) at main() level
          29 (13%) worst case

Stack used: 2 worst case (out of 8 total available)

Lines Stmts  %   Files
----- ----- ---  -----
  113    83 100  infrared.c
   20     0   0  infrared.h
  224     0   0  ..\..\..\Program Files\PICC\devices\16F628A.h
----- -----
  357    83 Total

Page ROM  %  RAM   Vol Diff  Functions:
---- --- --- ---   --- ----  ----------
0    193  45   4  1284  5.3  gettouche
0    139  32   3  1266 10.2  getirdata
0     11   3   0    32  1.0  ext_isr
0     42  10   0   221  4.1  MAIN

Program metrics:
    Functions               4
    Statements              83
    Comments                65
    Volume (V)              3485
    Difficilty (D)          21.0
    Effort to implement (E) 73280
    Time to implement (T)   1 hours, 8 minutes
    Est Delivered Bugs (B)  1
    Cyclomatic Complexity   37
    Maintainability (MI)    83

 Segment     Used  Free
-----------  ----  ----
00000-00003     4  0  
00004-0002E    43  0  
0002F-007FF   385  1616  



