
ROM used: 366 (18%)
          366 (18%) including unused fragments

          1 Average locations per line
          4 Average locations per statement

RAM used: 35 (16%) at main() level
          43 (19%) worst case

Stack used: 4 worst case (out of 8 total available)

Lines Stmts  %   Files
----- ----- ---  -----
  230    98 100  main.c
   28     0   0  main.h
  224     0   0  ..\..\..\Program Files\PICC\devices\16F628A.h
----- -----
  482    98 Total

Page ROM  %  RAM   Vol Diff  Functions:
---- --- --- ---   --- ----  ----------
0     20   5   1             @delay_ms1
0     37  10   1             @GETCH_1_
0     37  10   2             @MUL88
0      6   2   0    33  1.3  disable_sounds
 Inline        0    69  1.6  enable_sounds
0     66  18   2   308  4.6  rda_isr
0     67  18   4   186  3.5  calc_value
 Inline        5             @MUL1616
0     84  23   2   722  5.8  MAIN

Program metrics:
    Functions               5
    Statements              98
    Comments                97
    Volume (V)              1797
    Difficilty (D)          16.7
    Effort to implement (E) 30061
    Time to implement (T)   28 minutes
    Est Delivered Bugs (B)  0
    Cyclomatic Complexity   5
    Maintainability (MI)    118

 Segment     Used  Free
-----------  ----  ----
00000-00003     4  0  
00004-00030    45  0  
00031-007FF   317  1682  



